<?xml version="1.0" encoding="UTF-8"?>
<!-- Generated by org.testng.reporters.JUnitXMLReporter -->
<testsuite hostname="DESKTOP-2307P8L" ignored="0" name="Test3" tests="4" failures="0" timestamp="15 Nov 2020 20:21:29 GMT" time="8.415" errors="0">
  <testcase name="CreateAccount_NegativeTest" time="2.266" classname="login.FarmLead.create_Account_test"/>
  <testcase name="CreateAccount_NegativeTest" time="0.784" classname="login.FarmLead.create_Account_test"/>
  <testcase name="CreateAccount_NegativeTest" time="0.74" classname="login.FarmLead.create_Account_test"/>
  <testcase name="CreateAccount_PositiveTest" time="0.929" classname="login.FarmLead.create_Account_test"/>
</testsuite> <!-- Test3 -->
