<?xml version="1.0" encoding="UTF-8"?>
<!-- Generated by org.testng.reporters.JUnitXMLReporter -->
<testsuite hostname="DESKTOP-2307P8L" ignored="0" name="Test2" tests="6" failures="0" timestamp="15 Nov 2020 20:21:20 GMT" time="9.443" errors="0">
  <testcase name="BlankloginTest" time="1.632" classname="login.FarmLead.login_Test"/>
  <testcase name="BlankloginTest" time="0.728" classname="login.FarmLead.login_Test"/>
  <testcase name="NegativeloginTest" time="0.811" classname="login.FarmLead.login_Test"/>
  <testcase name="NegativeloginTest" time="0.561" classname="login.FarmLead.login_Test"/>
  <testcase name="NegativeloginTest" time="0.577" classname="login.FarmLead.login_Test"/>
  <testcase name="positiveloginTest" time="0.754" classname="login.FarmLead.login_Test"/>
</testsuite> <!-- Test2 -->
