<?xml version="1.0" encoding="UTF-8"?>
<testsuite xmlns:xsi="http://www.w3.org/2001/XMLSchema-instance" xsi:noNamespaceSchemaLocation="https://maven.apache.org/surefire/maven-surefire-plugin/xsd/surefire-test-report-3.0.xsd" version="3.0" name="TestSuite" time="38.842" tests="13" errors="0" skipped="0" failures="0">
  <properties>
[...]
</properties>
  <testcase name="TitlePage_ElementTest" classname="login.FarmLead.TitlePageElement_test" time="1.953">
    <system-err><![CDATA[Starting ChromeDriver 86.0.4240.22 (398b0743353ff36fb1b82468f63a3a93b4e2e89e-refs/branch-heads/4240@{#378}) on port 22997
Only local connections are allowed.
Please see https://chromedriver.chromium.org/security-considerations for suggestions on keeping ChromeDriver safe.
ChromeDriver was started successfully.
Nov 15, 2020 3:21:08 PM org.openqa.selenium.remote.ProtocolHandshake createSession
INFO: Detected dialect: W3C
]]></system-err>
  </testcase>
  <testcase name="BlankloginTest[ , 123456, Either a phone number or email is required.](1)" classname="login.FarmLead.login_Test" time="1.599">
    <system-err><![CDATA[Starting ChromeDriver 86.0.4240.22 (398b0743353ff36fb1b82468f63a3a93b4e2e89e-refs/branch-heads/4240@{#378}) on port 19154
Only local connections are allowed.
Please see https://chromedriver.chromium.org/security-considerations for suggestions on keeping ChromeDriver safe.
ChromeDriver was started successfully.
Nov 15, 2020 3:21:14 PM org.openqa.selenium.remote.ProtocolHandshake createSession
INFO: Detected dialect: W3C
]]></system-err>
  </testcase>
  <testcase name="BlankloginTest[ ,  , Either a phone number or email is required.](2)" classname="login.FarmLead.login_Test" time="0.728"/>
  <testcase name="NegativeloginTest[abc@gmail.com, ????, Whoops! That email is not associated with an account.](1)" classname="login.FarmLead.login_Test" time="0.811"/>
  <testcase name="NegativeloginTest[abcdefc, 123456, Whoops! That email is not associated with an account.](2)" classname="login.FarmLead.login_Test" time="0.561"/>
  <testcase name="NegativeloginTest[abc@gmail.com,  , Whoops! That email is not associated with an account.](3)" classname="login.FarmLead.login_Test" time="0.577"/>
  <testcase name="positiveloginTest[abc@gmail.com, Abc@1234](1)" classname="login.FarmLead.login_Test" time="0.755"/>
  <testcase name="CreateAccount_NegativeTest[Abishek, T, abcdefg, The provided email is invalid.](1)" classname="login.FarmLead.create_Account_test" time="2.235">
    <system-err><![CDATA[Starting ChromeDriver 86.0.4240.22 (398b0743353ff36fb1b82468f63a3a93b4e2e89e-refs/branch-heads/4240@{#378}) on port 1810
Only local connections are allowed.
Please see https://chromedriver.chromium.org/security-considerations for suggestions on keeping ChromeDriver safe.
ChromeDriver was started successfully.
Nov 15, 2020 3:21:24 PM org.openqa.selenium.remote.ProtocolHandshake createSession
INFO: Detected dialect: W3C
]]></system-err>
  </testcase>
  <testcase name="CreateAccount_NegativeTest[??//@# , T, abc@gmail.com, First name is required.](2)" classname="login.FarmLead.create_Account_test" time="0.783"/>
  <testcase name="CreateAccount_NegativeTest[Abishek, @#$%, abc@gmail.com, Last name is required.](3)" classname="login.FarmLead.create_Account_test" time="0.74"/>
  <testcase name="CreateAccount_PositiveTest[Abishek, Thorikonda, abishek@gmail.com](1)" classname="login.FarmLead.create_Account_test" time="0.928"/>
  <testcase name="ForgotPasswordTest" classname="login.FarmLead.ForgotPassword_Test" time="1.424">
    <system-err><![CDATA[Starting ChromeDriver 86.0.4240.22 (398b0743353ff36fb1b82468f63a3a93b4e2e89e-refs/branch-heads/4240@{#378}) on port 14563
Only local connections are allowed.
Please see https://chromedriver.chromium.org/security-considerations for suggestions on keeping ChromeDriver safe.
ChromeDriver was started successfully.
Nov 15, 2020 3:21:32 PM org.openqa.selenium.remote.ProtocolHandshake createSession
INFO: Detected dialect: W3C
]]></system-err>
  </testcase>
  <testcase name="CreateAccount_PageElementsTest" classname="login.FarmLead.CreateAccountPageElement_Test" time="1.661">
    <system-err><![CDATA[Starting ChromeDriver 86.0.4240.22 (398b0743353ff36fb1b82468f63a3a93b4e2e89e-refs/branch-heads/4240@{#378}) on port 21245
Only local connections are allowed.
Please see https://chromedriver.chromium.org/security-considerations for suggestions on keeping ChromeDriver safe.
ChromeDriver was started successfully.
Nov 15, 2020 3:21:37 PM org.openqa.selenium.remote.ProtocolHandshake createSession
INFO: Detected dialect: W3C
]]></system-err>
  </testcase>
</testsuite>