<?xml version="1.0" encoding="UTF-8"?>
<testng-results skipped="0" failed="0" ignored="0" total="13" passed="13">
  <reporter-output>
  </reporter-output>
  <suite name="Suite" duration-ms="41202" started-at="2020-11-15T20:31:57Z" finished-at="2020-11-15T20:32:38Z">
    <groups>
    </groups>
    <test name="Test" duration-ms="8942" started-at="2020-11-15T20:31:57Z" finished-at="2020-11-15T20:32:06Z">
      <class name="login.FarmLead.TitlePageElement_test">
        <test-method status="PASS" signature="initilize()[pri:0, instance:login.FarmLead.TitlePageElement_test@26be92ad]" name="initilize" is-config="true" duration-ms="5269" started-at="2020-11-15T20:31:57Z" finished-at="2020-11-15T20:32:02Z">
          <reporter-output>
          </reporter-output>
        </test-method> <!-- initilize -->
        <test-method status="PASS" signature="TitlePage_ElementTest()[pri:0, instance:login.FarmLead.TitlePageElement_test@26be92ad]" name="TitlePage_ElementTest" duration-ms="3456" started-at="2020-11-15T20:32:02Z" finished-at="2020-11-15T20:32:06Z">
          <reporter-output>
          </reporter-output>
        </test-method> <!-- TitlePage_ElementTest -->
        <test-method status="PASS" signature="close()[pri:0, instance:login.FarmLead.TitlePageElement_test@26be92ad]" name="close" is-config="true" duration-ms="191" started-at="2020-11-15T20:32:06Z" finished-at="2020-11-15T20:32:06Z">
          <reporter-output>
          </reporter-output>
        </test-method> <!-- close -->
      </class> <!-- login.FarmLead.TitlePageElement_test -->
    </test> <!-- Test -->
    <test name="Test2" duration-ms="11566" started-at="2020-11-15T20:32:07Z" finished-at="2020-11-15T20:32:18Z">
      <class name="login.FarmLead.login_Test">
        <test-method status="PASS" signature="initilize()[pri:0, instance:login.FarmLead.login_Test@42e26948]" name="initilize" is-config="true" duration-ms="3125" started-at="2020-11-15T20:32:07Z" finished-at="2020-11-15T20:32:10Z">
          <reporter-output>
          </reporter-output>
        </test-method> <!-- initilize -->
        <test-method status="PASS" signature="BlankloginTest(java.lang.String, java.lang.String, java.lang.String)[pri:0, instance:login.FarmLead.login_Test@42e26948]" name="BlankloginTest" duration-ms="3937" started-at="2020-11-15T20:32:10Z" data-provider="emptyData" finished-at="2020-11-15T20:32:14Z">
          <params>
            <param index="0">
              <value>
                <![CDATA[ ]]>
              </value>
            </param>
            <param index="1">
              <value>
                <![CDATA[123456]]>
              </value>
            </param>
            <param index="2">
              <value>
                <![CDATA[Either a phone number or email is required.]]>
              </value>
            </param>
          </params>
          <reporter-output>
          </reporter-output>
        </test-method> <!-- BlankloginTest -->
        <test-method status="PASS" signature="BlankloginTest(java.lang.String, java.lang.String, java.lang.String)[pri:0, instance:login.FarmLead.login_Test@42e26948]" name="BlankloginTest" duration-ms="1034" started-at="2020-11-15T20:32:14Z" data-provider="emptyData" finished-at="2020-11-15T20:32:15Z">
          <params>
            <param index="0">
              <value>
                <![CDATA[ ]]>
              </value>
            </param>
            <param index="1">
              <value>
                <![CDATA[ ]]>
              </value>
            </param>
            <param index="2">
              <value>
                <![CDATA[Either a phone number or email is required.]]>
              </value>
            </param>
          </params>
          <reporter-output>
          </reporter-output>
        </test-method> <!-- BlankloginTest -->
        <test-method status="PASS" signature="NegativeloginTest(java.lang.String, java.lang.String, java.lang.String)[pri:0, instance:login.FarmLead.login_Test@42e26948]" name="NegativeloginTest" duration-ms="983" started-at="2020-11-15T20:32:15Z" data-provider="getData" finished-at="2020-11-15T20:32:16Z">
          <params>
            <param index="0">
              <value>
                <![CDATA[abc@gmail.com]]>
              </value>
            </param>
            <param index="1">
              <value>
                <![CDATA[????]]>
              </value>
            </param>
            <param index="2">
              <value>
                <![CDATA[Whoops! That email is not associated with an account.]]>
              </value>
            </param>
          </params>
          <reporter-output>
          </reporter-output>
        </test-method> <!-- NegativeloginTest -->
        <test-method status="PASS" signature="NegativeloginTest(java.lang.String, java.lang.String, java.lang.String)[pri:0, instance:login.FarmLead.login_Test@42e26948]" name="NegativeloginTest" duration-ms="791" started-at="2020-11-15T20:32:16Z" data-provider="getData" finished-at="2020-11-15T20:32:16Z">
          <params>
            <param index="0">
              <value>
                <![CDATA[abcdefc]]>
              </value>
            </param>
            <param index="1">
              <value>
                <![CDATA[123456]]>
              </value>
            </param>
            <param index="2">
              <value>
                <![CDATA[Whoops! That email is not associated with an account.]]>
              </value>
            </param>
          </params>
          <reporter-output>
          </reporter-output>
        </test-method> <!-- NegativeloginTest -->
        <test-method status="PASS" signature="NegativeloginTest(java.lang.String, java.lang.String, java.lang.String)[pri:0, instance:login.FarmLead.login_Test@42e26948]" name="NegativeloginTest" duration-ms="634" started-at="2020-11-15T20:32:16Z" data-provider="getData" finished-at="2020-11-15T20:32:17Z">
          <params>
            <param index="0">
              <value>
                <![CDATA[abc@gmail.com]]>
              </value>
            </param>
            <param index="1">
              <value>
                <![CDATA[ ]]>
              </value>
            </param>
            <param index="2">
              <value>
                <![CDATA[Whoops! That email is not associated with an account.]]>
              </value>
            </param>
          </params>
          <reporter-output>
          </reporter-output>
        </test-method> <!-- NegativeloginTest -->
        <test-method status="PASS" signature="positiveloginTest(java.lang.String, java.lang.String)[pri:0, instance:login.FarmLead.login_Test@42e26948]" name="positiveloginTest" duration-ms="672" started-at="2020-11-15T20:32:17Z" data-provider="getPositiveData" finished-at="2020-11-15T20:32:18Z">
          <params>
            <param index="0">
              <value>
                <![CDATA[abc@gmail.com]]>
              </value>
            </param>
            <param index="1">
              <value>
                <![CDATA[Abc@1234]]>
              </value>
            </param>
          </params>
          <reporter-output>
          </reporter-output>
        </test-method> <!-- positiveloginTest -->
        <test-method status="PASS" signature="exit()[pri:0, instance:login.FarmLead.login_Test@42e26948]" name="exit" is-config="true" duration-ms="376" started-at="2020-11-15T20:32:18Z" finished-at="2020-11-15T20:32:18Z">
          <reporter-output>
          </reporter-output>
        </test-method> <!-- exit -->
      </class> <!-- login.FarmLead.login_Test -->
    </test> <!-- Test2 -->
    <test name="Test3" duration-ms="8807" started-at="2020-11-15T20:32:18Z" finished-at="2020-11-15T20:32:27Z">
      <class name="login.FarmLead.create_Account_test">
        <test-method status="PASS" signature="initilize()[pri:0, instance:login.FarmLead.create_Account_test@77cd7a0]" name="initilize" is-config="true" duration-ms="3282" started-at="2020-11-15T20:32:18Z" finished-at="2020-11-15T20:32:21Z">
          <reporter-output>
          </reporter-output>
        </test-method> <!-- initilize -->
        <test-method status="PASS" signature="CreateAccount_NegativeTest(java.lang.String, java.lang.String, java.lang.String, java.lang.String)[pri:0, instance:login.FarmLead.create_Account_test@77cd7a0]" name="CreateAccount_NegativeTest" duration-ms="2411" started-at="2020-11-15T20:32:21Z" data-provider="NegativeData" finished-at="2020-11-15T20:32:24Z">
          <params>
            <param index="0">
              <value>
                <![CDATA[Abishek]]>
              </value>
            </param>
            <param index="1">
              <value>
                <![CDATA[T]]>
              </value>
            </param>
            <param index="2">
              <value>
                <![CDATA[abcdefg]]>
              </value>
            </param>
            <param index="3">
              <value>
                <![CDATA[The provided email is invalid.]]>
              </value>
            </param>
          </params>
          <reporter-output>
          </reporter-output>
        </test-method> <!-- CreateAccount_NegativeTest -->
        <test-method status="PASS" signature="CreateAccount_NegativeTest(java.lang.String, java.lang.String, java.lang.String, java.lang.String)[pri:0, instance:login.FarmLead.create_Account_test@77cd7a0]" name="CreateAccount_NegativeTest" duration-ms="929" started-at="2020-11-15T20:32:24Z" data-provider="NegativeData" finished-at="2020-11-15T20:32:25Z">
          <params>
            <param index="0">
              <value>
                <![CDATA[??//@# ]]>
              </value>
            </param>
            <param index="1">
              <value>
                <![CDATA[T]]>
              </value>
            </param>
            <param index="2">
              <value>
                <![CDATA[abc@gmail.com]]>
              </value>
            </param>
            <param index="3">
              <value>
                <![CDATA[First name is required.]]>
              </value>
            </param>
          </params>
          <reporter-output>
          </reporter-output>
        </test-method> <!-- CreateAccount_NegativeTest -->
        <test-method status="PASS" signature="CreateAccount_NegativeTest(java.lang.String, java.lang.String, java.lang.String, java.lang.String)[pri:0, instance:login.FarmLead.create_Account_test@77cd7a0]" name="CreateAccount_NegativeTest" duration-ms="1359" started-at="2020-11-15T20:32:25Z" data-provider="NegativeData" finished-at="2020-11-15T20:32:26Z">
          <params>
            <param index="0">
              <value>
                <![CDATA[Abishek]]>
              </value>
            </param>
            <param index="1">
              <value>
                <![CDATA[@#$%]]>
              </value>
            </param>
            <param index="2">
              <value>
                <![CDATA[abc@gmail.com]]>
              </value>
            </param>
            <param index="3">
              <value>
                <![CDATA[Last name is required.]]>
              </value>
            </param>
          </params>
          <reporter-output>
          </reporter-output>
        </test-method> <!-- CreateAccount_NegativeTest -->
        <test-method status="PASS" signature="CreateAccount_PositiveTest(java.lang.String, java.lang.String, java.lang.String)[pri:0, instance:login.FarmLead.create_Account_test@77cd7a0]" name="CreateAccount_PositiveTest" duration-ms="761" started-at="2020-11-15T20:32:26Z" data-provider="positiveData" finished-at="2020-11-15T20:32:27Z">
          <params>
            <param index="0">
              <value>
                <![CDATA[Abishek]]>
              </value>
            </param>
            <param index="1">
              <value>
                <![CDATA[Thorikonda]]>
              </value>
            </param>
            <param index="2">
              <value>
                <![CDATA[abishek@gmail.com]]>
              </value>
            </param>
          </params>
          <reporter-output>
          </reporter-output>
        </test-method> <!-- CreateAccount_PositiveTest -->
        <test-method status="PASS" signature="close()[pri:0, instance:login.FarmLead.create_Account_test@77cd7a0]" name="close" is-config="true" duration-ms="57" started-at="2020-11-15T20:32:27Z" finished-at="2020-11-15T20:32:27Z">
          <reporter-output>
          </reporter-output>
        </test-method> <!-- close -->
      </class> <!-- login.FarmLead.create_Account_test -->
    </test> <!-- Test3 -->
    <test name="Test4" duration-ms="5297" started-at="2020-11-15T20:32:27Z" finished-at="2020-11-15T20:32:32Z">
      <class name="login.FarmLead.ForgotPassword_Test">
        <test-method status="PASS" signature="initilize()[pri:0, instance:login.FarmLead.ForgotPassword_Test@f6c48ac]" name="initilize" is-config="true" duration-ms="3646" started-at="2020-11-15T20:32:27Z" finished-at="2020-11-15T20:32:31Z">
          <reporter-output>
          </reporter-output>
        </test-method> <!-- initilize -->
        <test-method status="PASS" signature="ForgotPasswordTest()[pri:0, instance:login.FarmLead.ForgotPassword_Test@f6c48ac]" name="ForgotPasswordTest" duration-ms="1446" started-at="2020-11-15T20:32:31Z" finished-at="2020-11-15T20:32:32Z">
          <reporter-output>
          </reporter-output>
        </test-method> <!-- ForgotPasswordTest -->
        <test-method status="PASS" signature="close()[pri:0, instance:login.FarmLead.ForgotPassword_Test@f6c48ac]" name="close" is-config="true" duration-ms="204" started-at="2020-11-15T20:32:32Z" finished-at="2020-11-15T20:32:32Z">
          <reporter-output>
          </reporter-output>
        </test-method> <!-- close -->
      </class> <!-- login.FarmLead.ForgotPassword_Test -->
    </test> <!-- Test4 -->
    <test name="Test5" duration-ms="6010" started-at="2020-11-15T20:32:32Z" finished-at="2020-11-15T20:32:38Z">
      <class name="login.FarmLead.CreateAccountPageElement_Test">
        <test-method status="PASS" signature="initilize()[pri:0, instance:login.FarmLead.CreateAccountPageElement_Test@5f341870]" name="initilize" is-config="true" duration-ms="4169" started-at="2020-11-15T20:32:32Z" finished-at="2020-11-15T20:32:36Z">
          <reporter-output>
          </reporter-output>
        </test-method> <!-- initilize -->
        <test-method status="PASS" signature="CreateAccount_PageElementsTest()[pri:0, instance:login.FarmLead.CreateAccountPageElement_Test@5f341870]" name="CreateAccount_PageElementsTest" duration-ms="1627" started-at="2020-11-15T20:32:36Z" finished-at="2020-11-15T20:32:38Z">
          <reporter-output>
          </reporter-output>
        </test-method> <!-- CreateAccount_PageElementsTest -->
        <test-method status="PASS" signature="close()[pri:0, instance:login.FarmLead.CreateAccountPageElement_Test@5f341870]" name="close" is-config="true" duration-ms="212" started-at="2020-11-15T20:32:38Z" finished-at="2020-11-15T20:32:38Z">
          <reporter-output>
          </reporter-output>
        </test-method> <!-- close -->
      </class> <!-- login.FarmLead.CreateAccountPageElement_Test -->
    </test> <!-- Test5 -->
  </suite> <!-- Suite -->
</testng-results>
